WisataAppE020320097/app/build/intermediates/manifest_merge_blame_file/debug/manifest-merger-blame-debug-report.txt
1<?xml version="1.0" encoding="utf-8"?>
2<manifest xmlns:android="http://schemas.android.com/apk/res/android"
3    package="com.example.wisataappe020320112"
4    android:versionCode="1"
5    android:versionName="1.0" >
6
7    <uses-sdk
8        android:minSdkVersion="21"
8-->src\main\AndroidManifest.xml
9        android:targetSdkVersion="29" />
9-->src\main\AndroidManifest.xml
10
11    <uses-permission android:name="android.permission.INTERNET" />
11-->src\main\AndroidManifest.xml:5:5-67
11-->src\main\AndroidManifest.xml:5:22-64
12    <uses-permission android:name="android.permission.ACCESS_COARSE_LOCATION" />
12-->src\main\AndroidManifest.xml:6:5-81
12-->src\main\AndroidManifest.xml:6:22-78
13    <uses-permission android:name="android.permission.ACCESS_FINE_LOCATION" />
13-->src\main\AndroidManifest.xml:7:5-79
13-->src\main\AndroidManifest.xml:7:22-76
14
15    <!-- Include required permissions for Google Maps API to run. -->
16    <uses-permission android:name="android.permission.ACCESS_NETWORK_STATE" />
16-->[com.google.android.gms:play-services-maps:17.0.0] AndroidManifest.xml:23:5-79
16-->[com.google.android.gms:play-services-maps:17.0.0] AndroidManifest.xml:23:22-76
17
18    <uses-feature
18-->[com.google.android.gms:play-services-maps:17.0.0] AndroidManifest.xml:26:5-28:35
19        android:glEsVersion="0x00020000"
19-->[com.google.android.gms:play-services-maps:17.0.0] AndroidManifest.xml:27:9-41
20        android:required="true" />
20-->[com.google.android.gms:play-services-maps:17.0.0] AndroidManifest.xml:28:9-32
21
22    <application
22-->src\main\AndroidManifest.xml:9:5-38:19
23        android:allowBackup="true"
23-->src\main\AndroidManifest.xml:10:9-35
24        android:appComponentFactory="androidx.core.app.CoreComponentFactory"
24-->[androidx.core:core:1.1.0] AndroidManifest.xml:24:18-86
25        android:debuggable="true"
26        android:icon="@mipmap/ic_launcher"
26-->src\main\AndroidManifest.xml:11:9-43
27        android:label="@string/app_name"
27-->src\main\AndroidManifest.xml:12:9-41
28        android:roundIcon="@mipmap/ic_launcher_round"
28-->src\main\AndroidManifest.xml:13:9-54
29        android:supportsRtl="true"
29-->src\main\AndroidManifest.xml:14:9-35
30        android:testOnly="true"
31        android:theme="@style/AppTheme"
31-->src\main\AndroidManifest.xml:15:9-40
32        android:usesCleartextTraffic="true" >
32-->src\main\AndroidManifest.xml:16:9-44
33        <activity android:name="com.example.wisataappe020320097.activities.PrayPlaceActivity" />
33-->src\main\AndroidManifest.xml:17:9-97
33-->src\main\AndroidManifest.xml:17:19-94
34        <activity android:name="com.example.wisataappe020320097.activities.DetailWisataActivity" />
34-->src\main\AndroidManifest.xml:18:9-100
34-->src\main\AndroidManifest.xml:18:19-97
35        <activity android:name="com.example.wisataappe020320097.activities.WisataActivity" />
35-->src\main\AndroidManifest.xml:19:9-94
35-->src\main\AndroidManifest.xml:19:19-91
36        <activity android:name="com.example.wisataappe020320097.activities.DetailKulinerActivity" />
36-->src\main\AndroidManifest.xml:20:9-101
36-->src\main\AndroidManifest.xml:20:19-98
37        <activity android:name="com.example.wisataappe020320097.activities.KulinerActivity" />
37-->src\main\AndroidManifest.xml:21:9-95
37-->src\main\AndroidManifest.xml:21:19-92
38        <activity android:name="com.example.wisataappe020320097.activities.DetailHotelActivity" />
38-->src\main\AndroidManifest.xml:22:9-99
38-->src\main\AndroidManifest.xml:22:19-96
39        <activity android:name="com.example.wisataappe020320097.activities.HotelActivity" />
39-->src\main\AndroidManifest.xml:23:9-93
39-->src\main\AndroidManifest.xml:23:19-90
40        <activity android:name="com.example.wisataappe020320097.activities.MainActivity" >
40-->src\main\AndroidManifest.xml:24:9-30:20
40-->src\main\AndroidManifest.xml:24:19-89
41            <intent-filter>
41-->src\main\AndroidManifest.xml:25:13-29:29
42                <action android:name="android.intent.action.MAIN" />
42-->src\main\AndroidManifest.xml:26:17-69
42-->src\main\AndroidManifest.xml:26:25-66
43
44                <category android:name="android.intent.category.LAUNCHER" />
44-->src\main\AndroidManifest.xml:28:17-77
44-->src\main\AndroidManifest.xml:28:27-74
45            </intent-filter>
46        </activity>
47
48        <meta-data
48-->src\main\AndroidManifest.xml:32:9-34:69
49            android:name="com.google.android.gms.version"
49-->src\main\AndroidManifest.xml:33:13-58
50            android:value="@integer/google_play_services_version" />
50-->src\main\AndroidManifest.xml:34:13-66
51        <meta-data
51-->src\main\AndroidManifest.xml:35:9-37:51
52            android:name="com.google.android.geo.API_KEY"
52-->src\main\AndroidManifest.xml:36:13-58
53            android:value="Google Maps API KEY" />
53-->src\main\AndroidManifest.xml:37:13-48
54        <!-- Needs to be explicitly declared on P+ -->
55        <uses-library
55-->[com.google.android.gms:play-services-maps:17.0.0] AndroidManifest.xml:33:9-35:40
56            android:name="org.apache.http.legacy"
56-->[com.google.android.gms:play-services-maps:17.0.0] AndroidManifest.xml:34:13-50
57            android:required="false" />
57-->[com.google.android.gms:play-services-maps:17.0.0] AndroidManifest.xml:35:13-37
58
59        <activity
59-->[com.google.android.gms:play-services-base:17.0.0] AndroidManifest.xml:23:9-26:75
60            android:name="com.google.android.gms.common.api.GoogleApiActivity"
60-->[com.google.android.gms:play-services-base:17.0.0] AndroidManifest.xml:24:13-79
61            android:exported="false"
61-->[com.google.android.gms:play-services-base:17.0.0] AndroidManifest.xml:25:13-37
62            android:theme="@android:style/Theme.Translucent.NoTitleBar" />
62-->[com.google.android.gms:play-services-base:17.0.0] AndroidManifest.xml:26:13-72
63    </application>
64
65</manifest>